Arguments: 
  /Users/anthonysimpson/.nvm/versions/node/v8.11.3/bin/node /Users/anthonysimpson/.nvm/versions/node/v8.11.3/bin/yarn add jest

PATH: 
  /Users/anthonysimpson/miniconda3/bin:/Users/anthonysimpson/.nvm/versions/node/v8.11.3/bin:/usr/local/bin:/usr/bin:/bin:/usr/sbin:/sbin:/usr/local/share/dotnet:~/.dotnet/tools:/Library/Frameworks/Mono.framework/Versions/Current/Commands:/Users/anthonysimpson/miniconda3/bin

Yarn version: 
  1.8.0

Node version: 
  8.11.3

Platform: 
  darwin x64

Trace: 
  Error: EACCES: permission denied, open '/Users/anthonysimpson/Library/Caches/Yarn/v1/npm-abab-1.0.4-5faad9c2c07f60dd76770f71cf025b62a63cfd4e/package.json'

npm manifest: 
  {
    "name": "kata",
    "version": "1.0.0",
    "main": "index.js",
    "license": "MIT"
  }

yarn manifest: 
  No manifest

Lockfile: 
  No lockfile
